[0.073s] DEBUG:colcon:Command line arguments: ['/usr/bin/colcon', 'build', '--symlink-install']
[0.073s] DEBUG:colcon:Parsed command line arguments: Namespace(log_base=None, log_level=None, verb_name='build', build_base='build', install_base='install', merge_install=False, symlink_install=True, test_result_base=None, continue_on_error=False, executor='parallel', parallel_workers=4, event_handlers=None, ignore_user_meta=False, metas=['./colcon.meta'], base_paths=['.'], packages_ignore=None, packages_ignore_regex=None, paths=None, packages_up_to=None, packages_up_to_regex=None, packages_above=None, packages_above_and_dependencies=None, packages_above_depth=None, packages_select_by_dep=None, packages_skip_by_dep=None, packages_skip_up_to=None, packages_select_build_failed=False, packages_skip_build_finished=False, packages_select_test_failures=False, packages_skip_test_passed=False, packages_select=None, packages_skip=None, packages_select_regex=None, packages_skip_regex=None, packages_start=None, packages_end=None, allow_overriding=[], cmake_args=None, cmake_target=None, cmake_target_skip_unavailable=False, cmake_clean_cache=False, cmake_clean_first=False, cmake_force_configure=False, ament_cmake_args=None, catkin_cmake_args=None, catkin_skip_building_tests=False, verb_parser=<colcon_defaults.argument_parser.defaults.DefaultArgumentsDecorator object at 0xffff955c9270>, verb_extension=<colcon_core.verb.build.BuildVerb object at 0xffff955c8d30>, main=<bound method BuildVerb.main of <colcon_core.verb.build.BuildVerb object at 0xffff955c8d30>>)
[0.186s] Level 1:colcon.colcon_core.package_discovery:discover_packages(colcon_meta) check parameters
[0.187s] Level 1:colcon.colcon_core.package_discovery:discover_packages(recursive) check parameters
[0.187s] Level 1:colcon.colcon_core.package_discovery:discover_packages(ignore) check parameters
[0.187s] Level 1:colcon.colcon_core.package_discovery:discover_packages(path) check parameters
[0.187s] Level 1:colcon.colcon_core.package_discovery:discover_packages(colcon_meta) discover
[0.187s] Level 1:colcon.colcon_core.package_discovery:discover_packages(recursive) discover
[0.187s] INFO:colcon.colcon_core.package_discovery:Crawling recursively for packages in '/home/shyy/ros2_ws/src'
[0.187s] Level 1:colcon.colcon_core.package_identification:_identify(.) by extensions ['ignore', 'ignore_ament_install']
[0.187s] Level 1:colcon.colcon_core.package_identification:_identify(.) by extension 'ignore'
[0.187s] Level 1:colcon.colcon_core.package_identification:_identify(.) by extension 'ignore_ament_install'
[0.187s] Level 1:colcon.colcon_core.package_identification:_identify(.) by extensions ['colcon_pkg']
[0.187s] Level 1:colcon.colcon_core.package_identification:_identify(.) by extension 'colcon_pkg'
[0.187s] Level 1:colcon.colcon_core.package_identification:_identify(.) by extensions ['colcon_meta']
[0.187s] Level 1:colcon.colcon_core.package_identification:_identify(.) by extension 'colcon_meta'
[0.187s] Level 1:colcon.colcon_core.package_identification:_identify(.) by extensions ['ros']
[0.187s] Level 1:colcon.colcon_core.package_identification:_identify(.) by extension 'ros'
[0.196s] Level 1:colcon.colcon_core.package_identification:_identify(.) by extensions ['cmake', 'python']
[0.196s] Level 1:colcon.colcon_core.package_identification:_identify(.) by extension 'cmake'
[0.196s] Level 1:colcon.colcon_core.package_identification:_identify(.) by extension 'python'
[0.196s] Level 1:colcon.colcon_core.package_identification:_identify(.) by extensions ['python_setup_py']
[0.196s] Level 1:colcon.colcon_core.package_identification:_identify(.) by extension 'python_setup_py'
[0.196s] Level 1:colcon.colcon_core.package_identification:_identify(build) by extensions ['ignore', 'ignore_ament_install']
[0.196s] Level 1:colcon.colcon_core.package_identification:_identify(build) by extension 'ignore'
[0.196s] Level 1:colcon.colcon_core.package_identification:_identify(build) ignored
[0.196s] Level 1:colcon.colcon_core.package_identification:_identify(install) by extensions ['ignore', 'ignore_ament_install']
[0.196s] Level 1:colcon.colcon_core.package_identification:_identify(install) by extension 'ignore'
[0.196s] Level 1:colcon.colcon_core.package_identification:_identify(install) ignored
[0.196s] Level 1:colcon.colcon_core.package_identification:_identify(log) by extensions ['ignore', 'ignore_ament_install']
[0.197s] Level 1:colcon.colcon_core.package_identification:_identify(log) by extension 'ignore'
[0.197s] Level 1:colcon.colcon_core.package_identification:_identify(log) ignored
[0.197s] Level 1:colcon.colcon_core.package_identification:_identify(my_robot_controller) by extensions ['ignore', 'ignore_ament_install']
[0.197s] Level 1:colcon.colcon_core.package_identification:_identify(my_robot_controller) by extension 'ignore'
[0.197s] Level 1:colcon.colcon_core.package_identification:_identify(my_robot_controller) by extension 'ignore_ament_install'
[0.197s] Level 1:colcon.colcon_core.package_identification:_identify(my_robot_controller) by extensions ['colcon_pkg']
[0.197s] Level 1:colcon.colcon_core.package_identification:_identify(my_robot_controller) by extension 'colcon_pkg'
[0.197s] Level 1:colcon.colcon_core.package_identification:_identify(my_robot_controller) by extensions ['colcon_meta']
[0.197s] Level 1:colcon.colcon_core.package_identification:_identify(my_robot_controller) by extension 'colcon_meta'
[0.197s] Level 1:colcon.colcon_core.package_identification:_identify(my_robot_controller) by extensions ['ros']
[0.197s] Level 1:colcon.colcon_core.package_identification:_identify(my_robot_controller) by extension 'ros'
[0.199s] DEBUG:colcon.colcon_core.package_identification:Package 'my_robot_controller' with type 'ros.ament_python' and name 'my_robot_controller'
[0.199s] Level 1:colcon.colcon_core.package_identification:_identify(onboarding_1) by extensions ['ignore', 'ignore_ament_install']
[0.199s] Level 1:colcon.colcon_core.package_identification:_identify(onboarding_1) by extension 'ignore'
[0.199s] Level 1:colcon.colcon_core.package_identification:_identify(onboarding_1) by extension 'ignore_ament_install'
[0.199s] Level 1:colcon.colcon_core.package_identification:_identify(onboarding_1) by extensions ['colcon_pkg']
[0.199s] Level 1:colcon.colcon_core.package_identification:_identify(onboarding_1) by extension 'colcon_pkg'
[0.199s] Level 1:colcon.colcon_core.package_identification:_identify(onboarding_1) by extensions ['colcon_meta']
[0.199s] Level 1:colcon.colcon_core.package_identification:_identify(onboarding_1) by extension 'colcon_meta'
[0.199s] Level 1:colcon.colcon_core.package_identification:_identify(onboarding_1) by extensions ['ros']
[0.199s] Level 1:colcon.colcon_core.package_identification:_identify(onboarding_1) by extension 'ros'
[0.200s] DEBUG:colcon.colcon_core.package_identification:Package 'onboarding_1' with type 'ros.ament_python' and name 'onboarding_1'
[0.200s] Level 1:colcon.colcon_core.package_identification:_identify(onboarding_2) by extensions ['ignore', 'ignore_ament_install']
[0.200s] Level 1:colcon.colcon_core.package_identification:_identify(onboarding_2) by extension 'ignore'
[0.200s] Level 1:colcon.colcon_core.package_identification:_identify(onboarding_2) by extension 'ignore_ament_install'
[0.200s] Level 1:colcon.colcon_core.package_identification:_identify(onboarding_2) by extensions ['colcon_pkg']
[0.200s] Level 1:colcon.colcon_core.package_identification:_identify(onboarding_2) by extension 'colcon_pkg'
[0.200s] Level 1:colcon.colcon_core.package_identification:_identify(onboarding_2) by extensions ['colcon_meta']
[0.200s] Level 1:colcon.colcon_core.package_identification:_identify(onboarding_2) by extension 'colcon_meta'
[0.200s] Level 1:colcon.colcon_core.package_identification:_identify(onboarding_2) by extensions ['ros']
[0.200s] Level 1:colcon.colcon_core.package_identification:_identify(onboarding_2) by extension 'ros'
[0.200s] DEBUG:colcon.colcon_core.package_identification:Package 'onboarding_2' with type 'ros.ament_python' and name 'onboarding_2'
[0.200s] Level 1:colcon.colcon_core.package_discovery:discover_packages(recursive) using defaults
[0.200s] Level 1:colcon.colcon_core.package_discovery:discover_packages(ignore) discover
[0.200s] Level 1:colcon.colcon_core.package_discovery:discover_packages(ignore) using defaults
[0.200s] Level 1:colcon.colcon_core.package_discovery:discover_packages(path) discover
[0.200s] Level 1:colcon.colcon_core.package_discovery:discover_packages(path) using defaults
[0.217s] Level 1:colcon.colcon_core.package_discovery:discover_packages(prefix_path) check parameters
[0.217s] Level 1:colcon.colcon_core.package_discovery:discover_packages(prefix_path) discover
[0.218s] DEBUG:colcon.colcon_installed_package_information.package_discovery:Found 3 installed packages in /home/shyy/ros2_ws/install
[0.219s] DEBUG:colcon.colcon_installed_package_information.package_discovery:Found 271 installed packages in /opt/ros/humble
[0.227s] Level 1:colcon.colcon_core.package_discovery:discover_packages(prefix_path) using defaults
[0.254s] Level 5:colcon.colcon_core.verb:set package 'my_robot_controller' build argument 'cmake_args' from command line to 'None'
[0.254s] Level 5:colcon.colcon_core.verb:set package 'my_robot_controller' build argument 'cmake_target' from command line to 'None'
[0.254s] Level 5:colcon.colcon_core.verb:set package 'my_robot_controller' build argument 'cmake_target_skip_unavailable' from command line to 'False'
[0.254s] Level 5:colcon.colcon_core.verb:set package 'my_robot_controller' build argument 'cmake_clean_cache' from command line to 'False'
[0.254s] Level 5:colcon.colcon_core.verb:set package 'my_robot_controller' build argument 'cmake_clean_first' from command line to 'False'
[0.254s] Level 5:colcon.colcon_core.verb:set package 'my_robot_controller' build argument 'cmake_force_configure' from command line to 'False'
[0.254s] Level 5:colcon.colcon_core.verb:set package 'my_robot_controller' build argument 'ament_cmake_args' from command line to 'None'
[0.254s] Level 5:colcon.colcon_core.verb:set package 'my_robot_controller' build argument 'catkin_cmake_args' from command line to 'None'
[0.254s] Level 5:colcon.colcon_core.verb:set package 'my_robot_controller' build argument 'catkin_skip_building_tests' from command line to 'False'
[0.254s] DEBUG:colcon.colcon_core.verb:Building package 'my_robot_controller' with the following arguments: {'ament_cmake_args': None, 'build_base': '/home/shyy/ros2_ws/src/build/my_robot_controller', 'catkin_cmake_args': None, 'catkin_skip_building_tests': False, 'cmake_args': None, 'cmake_clean_cache': False, 'cmake_clean_first': False, 'cmake_force_configure': False, 'cmake_target': None, 'cmake_target_skip_unavailable': False, 'install_base': '/home/shyy/ros2_ws/src/install/my_robot_controller', 'merge_install': False, 'path': '/home/shyy/ros2_ws/src/my_robot_controller', 'symlink_install': True, 'test_result_base': None}
[0.254s] Level 5:colcon.colcon_core.verb:set package 'onboarding_1' build argument 'cmake_args' from command line to 'None'
[0.254s] Level 5:colcon.colcon_core.verb:set package 'onboarding_1' build argument 'cmake_target' from command line to 'None'
[0.254s] Level 5:colcon.colcon_core.verb:set package 'onboarding_1' build argument 'cmake_target_skip_unavailable' from command line to 'False'
[0.254s] Level 5:colcon.colcon_core.verb:set package 'onboarding_1' build argument 'cmake_clean_cache' from command line to 'False'
[0.254s] Level 5:colcon.colcon_core.verb:set package 'onboarding_1' build argument 'cmake_clean_first' from command line to 'False'
[0.255s] Level 5:colcon.colcon_core.verb:set package 'onboarding_1' build argument 'cmake_force_configure' from command line to 'False'
[0.255s] Level 5:colcon.colcon_core.verb:set package 'onboarding_1' build argument 'ament_cmake_args' from command line to 'None'
[0.255s] Level 5:colcon.colcon_core.verb:set package 'onboarding_1' build argument 'catkin_cmake_args' from command line to 'None'
[0.255s] Level 5:colcon.colcon_core.verb:set package 'onboarding_1' build argument 'catkin_skip_building_tests' from command line to 'False'
[0.255s] DEBUG:colcon.colcon_core.verb:Building package 'onboarding_1' with the following arguments: {'ament_cmake_args': None, 'build_base': '/home/shyy/ros2_ws/src/build/onboarding_1', 'catkin_cmake_args': None, 'catkin_skip_building_tests': False, 'cmake_args': None, 'cmake_clean_cache': False, 'cmake_clean_first': False, 'cmake_force_configure': False, 'cmake_target': None, 'cmake_target_skip_unavailable': False, 'install_base': '/home/shyy/ros2_ws/src/install/onboarding_1', 'merge_install': False, 'path': '/home/shyy/ros2_ws/src/onboarding_1', 'symlink_install': True, 'test_result_base': None}
[0.255s] Level 5:colcon.colcon_core.verb:set package 'onboarding_2' build argument 'cmake_args' from command line to 'None'
[0.255s] Level 5:colcon.colcon_core.verb:set package 'onboarding_2' build argument 'cmake_target' from command line to 'None'
[0.255s] Level 5:colcon.colcon_core.verb:set package 'onboarding_2' build argument 'cmake_target_skip_unavailable' from command line to 'False'
[0.255s] Level 5:colcon.colcon_core.verb:set package 'onboarding_2' build argument 'cmake_clean_cache' from command line to 'False'
[0.255s] Level 5:colcon.colcon_core.verb:set package 'onboarding_2' build argument 'cmake_clean_first' from command line to 'False'
[0.255s] Level 5:colcon.colcon_core.verb:set package 'onboarding_2' build argument 'cmake_force_configure' from command line to 'False'
[0.255s] Level 5:colcon.colcon_core.verb:set package 'onboarding_2' build argument 'ament_cmake_args' from command line to 'None'
[0.255s] Level 5:colcon.colcon_core.verb:set package 'onboarding_2' build argument 'catkin_cmake_args' from command line to 'None'
[0.255s] Level 5:colcon.colcon_core.verb:set package 'onboarding_2' build argument 'catkin_skip_building_tests' from command line to 'False'
[0.255s] DEBUG:colcon.colcon_core.verb:Building package 'onboarding_2' with the following arguments: {'ament_cmake_args': None, 'build_base': '/home/shyy/ros2_ws/src/build/onboarding_2', 'catkin_cmake_args': None, 'catkin_skip_building_tests': False, 'cmake_args': None, 'cmake_clean_cache': False, 'cmake_clean_first': False, 'cmake_force_configure': False, 'cmake_target': None, 'cmake_target_skip_unavailable': False, 'install_base': '/home/shyy/ros2_ws/src/install/onboarding_2', 'merge_install': False, 'path': '/home/shyy/ros2_ws/src/onboarding_2', 'symlink_install': True, 'test_result_base': None}
[0.255s] INFO:colcon.colcon_core.executor:Executing jobs using 'parallel' executor
[0.256s] DEBUG:colcon.colcon_parallel_executor.executor.parallel:run_until_complete
[0.256s] INFO:colcon.colcon_ros.task.ament_python.build:Building ROS package in '/home/shyy/ros2_ws/src/my_robot_controller' with build type 'ament_python'
[0.256s] Level 1:colcon.colcon_core.shell:create_environment_hook('my_robot_controller', 'ament_prefix_path')
[0.258s] INFO:colcon.colcon_core.plugin_system:Skipping extension 'colcon_core.shell.bat': Not used on non-Windows systems
[0.258s] INFO:colcon.colcon_core.shell:Creating environment hook '/home/shyy/ros2_ws/src/install/my_robot_controller/share/my_robot_controller/hook/ament_prefix_path.ps1'
[0.259s] INFO:colcon.colcon_core.shell:Creating environment descriptor '/home/shyy/ros2_ws/src/install/my_robot_controller/share/my_robot_controller/hook/ament_prefix_path.dsv'
[0.259s] INFO:colcon.colcon_core.shell:Creating environment hook '/home/shyy/ros2_ws/src/install/my_robot_controller/share/my_robot_controller/hook/ament_prefix_path.sh'
[0.259s] INFO:colcon.colcon_core.shell:Skip shell extension 'powershell' for command environment: Not usable outside of PowerShell
[0.260s] DEBUG:colcon.colcon_core.shell:Skip shell extension 'dsv' for command environment
[0.262s] INFO:colcon.colcon_ros.task.ament_python.build:Building ROS package in '/home/shyy/ros2_ws/src/onboarding_1' with build type 'ament_python'
[0.262s] Level 1:colcon.colcon_core.shell:create_environment_hook('onboarding_1', 'ament_prefix_path')
[0.262s] INFO:colcon.colcon_core.shell:Creating environment hook '/home/shyy/ros2_ws/src/install/onboarding_1/share/onboarding_1/hook/ament_prefix_path.ps1'
[0.262s] INFO:colcon.colcon_core.shell:Creating environment descriptor '/home/shyy/ros2_ws/src/install/onboarding_1/share/onboarding_1/hook/ament_prefix_path.dsv'
[0.263s] INFO:colcon.colcon_core.shell:Creating environment hook '/home/shyy/ros2_ws/src/install/onboarding_1/share/onboarding_1/hook/ament_prefix_path.sh'
[0.263s] INFO:colcon.colcon_core.shell:Skip shell extension 'powershell' for command environment: Not usable outside of PowerShell
[0.263s] DEBUG:colcon.colcon_core.shell:Skip shell extension 'dsv' for command environment
[0.265s] INFO:colcon.colcon_ros.task.ament_python.build:Building ROS package in '/home/shyy/ros2_ws/src/onboarding_2' with build type 'ament_python'
[0.266s] Level 1:colcon.colcon_core.shell:create_environment_hook('onboarding_2', 'ament_prefix_path')
[0.266s] INFO:colcon.colcon_core.shell:Creating environment hook '/home/shyy/ros2_ws/src/install/onboarding_2/share/onboarding_2/hook/ament_prefix_path.ps1'
[0.266s] INFO:colcon.colcon_core.shell:Creating environment descriptor '/home/shyy/ros2_ws/src/install/onboarding_2/share/onboarding_2/hook/ament_prefix_path.dsv'
[0.267s] INFO:colcon.colcon_core.shell:Creating environment hook '/home/shyy/ros2_ws/src/install/onboarding_2/share/onboarding_2/hook/ament_prefix_path.sh'
[0.267s] INFO:colcon.colcon_core.shell:Skip shell extension 'powershell' for command environment: Not usable outside of PowerShell
[0.267s] DEBUG:colcon.colcon_core.shell:Skip shell extension 'dsv' for command environment
[0.452s] INFO:colcon.colcon_core.task.python.build:Building Python package in '/home/shyy/ros2_ws/src/my_robot_controller'
[0.452s] INFO:colcon.colcon_core.shell:Skip shell extension 'powershell' for command environment: Not usable outside of PowerShell
[0.452s] DEBUG:colcon.colcon_core.shell:Skip shell extension 'dsv' for command environment
[0.629s] INFO:colcon.colcon_core.task.python.build:Building Python package in '/home/shyy/ros2_ws/src/onboarding_1'
[0.629s] INFO:colcon.colcon_core.shell:Skip shell extension 'powershell' for command environment: Not usable outside of PowerShell
[0.629s] DEBUG:colcon.colcon_core.shell:Skip shell extension 'dsv' for command environment
[0.822s] INFO:colcon.colcon_core.task.python.build:Building Python package in '/home/shyy/ros2_ws/src/onboarding_2'
[0.823s] INFO:colcon.colcon_core.shell:Skip shell extension 'powershell' for command environment: Not usable outside of PowerShell
[0.823s] DEBUG:colcon.colcon_core.shell:Skip shell extension 'dsv' for command environment
[1.260s] DEBUG:colcon.colcon_core.event_handler.log_command:Invoking command in '/home/shyy/ros2_ws/src/build/my_robot_controller': PYTHONPATH=/home/shyy/ros2_ws/src/build/my_robot_controller/prefix_override:/usr/lib/python3/dist-packages/colcon_core/task/python/colcon_distutils_commands:/home/shyy/ros2_ws/src/install/my_robot_controller/lib/python3.10/site-packages:${PYTHONPATH} /usr/bin/python3 -W ignore:setup.py install is deprecated -W ignore:easy_install command is deprecated setup.py develop --editable --build-directory /home/shyy/ros2_ws/src/build/my_robot_controller/build --no-deps symlink_data
[1.260s] DEBUG:colcon.colcon_core.event_handler.log_command:Invoking command in '/home/shyy/ros2_ws/src/build/onboarding_2': PYTHONPATH=/home/shyy/ros2_ws/src/build/onboarding_2/prefix_override:/usr/lib/python3/dist-packages/colcon_core/task/python/colcon_distutils_commands:/home/shyy/ros2_ws/src/install/onboarding_2/lib/python3.10/site-packages:${PYTHONPATH} /usr/bin/python3 -W ignore:setup.py install is deprecated -W ignore:easy_install command is deprecated setup.py develop --editable --build-directory /home/shyy/ros2_ws/src/build/onboarding_2/build --no-deps symlink_data
[1.263s] DEBUG:colcon.colcon_core.event_handler.log_command:Invoking command in '/home/shyy/ros2_ws/src/build/onboarding_1': PYTHONPATH=/home/shyy/ros2_ws/src/build/onboarding_1/prefix_override:/usr/lib/python3/dist-packages/colcon_core/task/python/colcon_distutils_commands:/home/shyy/ros2_ws/src/install/onboarding_1/lib/python3.10/site-packages:${PYTHONPATH} /usr/bin/python3 -W ignore:setup.py install is deprecated -W ignore:easy_install command is deprecated setup.py develop --editable --build-directory /home/shyy/ros2_ws/src/build/onboarding_1/build --no-deps symlink_data
[1.752s] Level 1:colcon.colcon_core.shell:create_environment_hook('onboarding_1', 'pythonpath_develop')
[1.753s] INFO:colcon.colcon_core.shell:Creating environment hook '/home/shyy/ros2_ws/src/build/onboarding_1/share/onboarding_1/hook/pythonpath_develop.ps1'
[1.754s] DEBUG:colcon.colcon_core.event_handler.log_command:Invoked command in '/home/shyy/ros2_ws/src/build/onboarding_1' returned '0': PYTHONPATH=/home/shyy/ros2_ws/src/build/onboarding_1/prefix_override:/usr/lib/python3/dist-packages/colcon_core/task/python/colcon_distutils_commands:/home/shyy/ros2_ws/src/install/onboarding_1/lib/python3.10/site-packages:${PYTHONPATH} /usr/bin/python3 -W ignore:setup.py install is deprecated -W ignore:easy_install command is deprecated setup.py develop --editable --build-directory /home/shyy/ros2_ws/src/build/onboarding_1/build --no-deps symlink_data
[1.754s] INFO:colcon.colcon_core.shell:Creating environment descriptor '/home/shyy/ros2_ws/src/build/onboarding_1/share/onboarding_1/hook/pythonpath_develop.dsv'
[1.755s] INFO:colcon.colcon_core.shell:Creating environment hook '/home/shyy/ros2_ws/src/build/onboarding_1/share/onboarding_1/hook/pythonpath_develop.sh'
[1.759s] Level 1:colcon.colcon_core.environment:checking '/home/shyy/ros2_ws/src/install/onboarding_1' for CMake module files
[1.759s] Level 1:colcon.colcon_core.environment:checking '/home/shyy/ros2_ws/src/install/onboarding_1' for CMake config files
[1.760s] Level 1:colcon.colcon_core.environment:checking '/home/shyy/ros2_ws/src/install/onboarding_1/lib'
[1.760s] Level 1:colcon.colcon_core.environment:checking '/home/shyy/ros2_ws/src/install/onboarding_1/bin'
[1.760s] Level 1:colcon.colcon_core.environment:checking '/home/shyy/ros2_ws/src/install/onboarding_1/lib/pkgconfig/onboarding_1.pc'
[1.761s] Level 1:colcon.colcon_core.environment:checking '/home/shyy/ros2_ws/src/install/onboarding_1/lib/python3.10/site-packages'
[1.761s] Level 1:colcon.colcon_core.shell:create_environment_hook('onboarding_1', 'pythonpath')
[1.761s] INFO:colcon.colcon_core.shell:Creating environment hook '/home/shyy/ros2_ws/src/install/onboarding_1/share/onboarding_1/hook/pythonpath.ps1'
[1.761s] INFO:colcon.colcon_core.shell:Creating environment descriptor '/home/shyy/ros2_ws/src/install/onboarding_1/share/onboarding_1/hook/pythonpath.dsv'
[1.762s] INFO:colcon.colcon_core.shell:Creating environment hook '/home/shyy/ros2_ws/src/install/onboarding_1/share/onboarding_1/hook/pythonpath.sh'
[1.763s] Level 1:colcon.colcon_core.environment:checking '/home/shyy/ros2_ws/src/install/onboarding_1/bin'
[1.763s] Level 1:colcon.colcon_core.environment:create_environment_scripts_only(onboarding_1)
[1.763s] INFO:colcon.colcon_core.shell:Creating package script '/home/shyy/ros2_ws/src/install/onboarding_1/share/onboarding_1/package.ps1'
[1.764s] INFO:colcon.colcon_core.shell:Creating package descriptor '/home/shyy/ros2_ws/src/install/onboarding_1/share/onboarding_1/package.dsv'
[1.765s] INFO:colcon.colcon_core.shell:Creating package script '/home/shyy/ros2_ws/src/install/onboarding_1/share/onboarding_1/package.sh'
[1.766s] INFO:colcon.colcon_core.shell:Creating package script '/home/shyy/ros2_ws/src/install/onboarding_1/share/onboarding_1/package.bash'
[1.767s] INFO:colcon.colcon_core.shell:Creating package script '/home/shyy/ros2_ws/src/install/onboarding_1/share/onboarding_1/package.zsh'
[1.768s] Level 1:colcon.colcon_core.environment:create_file_with_runtime_dependencies(/home/shyy/ros2_ws/src/install/onboarding_1/share/colcon-core/packages/onboarding_1)
[1.771s] Level 1:colcon.colcon_core.shell:create_environment_hook('my_robot_controller', 'pythonpath_develop')
[1.771s] INFO:colcon.colcon_core.shell:Creating environment hook '/home/shyy/ros2_ws/src/build/my_robot_controller/share/my_robot_controller/hook/pythonpath_develop.ps1'
[1.772s] DEBUG:colcon.colcon_core.event_handler.log_command:Invoked command in '/home/shyy/ros2_ws/src/build/my_robot_controller' returned '0': PYTHONPATH=/home/shyy/ros2_ws/src/build/my_robot_controller/prefix_override:/usr/lib/python3/dist-packages/colcon_core/task/python/colcon_distutils_commands:/home/shyy/ros2_ws/src/install/my_robot_controller/lib/python3.10/site-packages:${PYTHONPATH} /usr/bin/python3 -W ignore:setup.py install is deprecated -W ignore:easy_install command is deprecated setup.py develop --editable --build-directory /home/shyy/ros2_ws/src/build/my_robot_controller/build --no-deps symlink_data
[1.772s] INFO:colcon.colcon_core.shell:Creating environment descriptor '/home/shyy/ros2_ws/src/build/my_robot_controller/share/my_robot_controller/hook/pythonpath_develop.dsv'
[1.773s] INFO:colcon.colcon_core.shell:Creating environment hook '/home/shyy/ros2_ws/src/build/my_robot_controller/share/my_robot_controller/hook/pythonpath_develop.sh'
[1.773s] Level 1:colcon.colcon_core.environment:checking '/home/shyy/ros2_ws/src/install/my_robot_controller' for CMake module files
[1.774s] Level 1:colcon.colcon_core.environment:checking '/home/shyy/ros2_ws/src/install/my_robot_controller' for CMake config files
[1.774s] Level 1:colcon.colcon_core.environment:checking '/home/shyy/ros2_ws/src/install/my_robot_controller/lib'
[1.775s] Level 1:colcon.colcon_core.environment:checking '/home/shyy/ros2_ws/src/install/my_robot_controller/bin'
[1.775s] Level 1:colcon.colcon_core.environment:checking '/home/shyy/ros2_ws/src/install/my_robot_controller/lib/pkgconfig/my_robot_controller.pc'
[1.775s] Level 1:colcon.colcon_core.environment:checking '/home/shyy/ros2_ws/src/install/my_robot_controller/lib/python3.10/site-packages'
[1.775s] Level 1:colcon.colcon_core.shell:create_environment_hook('my_robot_controller', 'pythonpath')
[1.775s] INFO:colcon.colcon_core.shell:Creating environment hook '/home/shyy/ros2_ws/src/install/my_robot_controller/share/my_robot_controller/hook/pythonpath.ps1'
[1.775s] INFO:colcon.colcon_core.shell:Creating environment descriptor '/home/shyy/ros2_ws/src/install/my_robot_controller/share/my_robot_controller/hook/pythonpath.dsv'
[1.776s] INFO:colcon.colcon_core.shell:Creating environment hook '/home/shyy/ros2_ws/src/install/my_robot_controller/share/my_robot_controller/hook/pythonpath.sh'
[1.777s] Level 1:colcon.colcon_core.environment:checking '/home/shyy/ros2_ws/src/install/my_robot_controller/bin'
[1.777s] Level 1:colcon.colcon_core.environment:create_environment_scripts_only(my_robot_controller)
[1.778s] INFO:colcon.colcon_core.shell:Creating package script '/home/shyy/ros2_ws/src/install/my_robot_controller/share/my_robot_controller/package.ps1'
[1.778s] INFO:colcon.colcon_core.shell:Creating package descriptor '/home/shyy/ros2_ws/src/install/my_robot_controller/share/my_robot_controller/package.dsv'
[1.779s] INFO:colcon.colcon_core.shell:Creating package script '/home/shyy/ros2_ws/src/install/my_robot_controller/share/my_robot_controller/package.sh'
[1.779s] INFO:colcon.colcon_core.shell:Creating package script '/home/shyy/ros2_ws/src/install/my_robot_controller/share/my_robot_controller/package.bash'
[1.780s] INFO:colcon.colcon_core.shell:Creating package script '/home/shyy/ros2_ws/src/install/my_robot_controller/share/my_robot_controller/package.zsh'
[1.780s] Level 1:colcon.colcon_core.environment:create_file_with_runtime_dependencies(/home/shyy/ros2_ws/src/install/my_robot_controller/share/colcon-core/packages/my_robot_controller)
[1.781s] Level 1:colcon.colcon_core.shell:create_environment_hook('onboarding_2', 'pythonpath_develop')
[1.781s] INFO:colcon.colcon_core.shell:Creating environment hook '/home/shyy/ros2_ws/src/build/onboarding_2/share/onboarding_2/hook/pythonpath_develop.ps1'
[1.782s] INFO:colcon.colcon_core.shell:Creating environment descriptor '/home/shyy/ros2_ws/src/build/onboarding_2/share/onboarding_2/hook/pythonpath_develop.dsv'
[1.783s] DEBUG:colcon.colcon_core.event_handler.log_command:Invoked command in '/home/shyy/ros2_ws/src/build/onboarding_2' returned '0': PYTHONPATH=/home/shyy/ros2_ws/src/build/onboarding_2/prefix_override:/usr/lib/python3/dist-packages/colcon_core/task/python/colcon_distutils_commands:/home/shyy/ros2_ws/src/install/onboarding_2/lib/python3.10/site-packages:${PYTHONPATH} /usr/bin/python3 -W ignore:setup.py install is deprecated -W ignore:easy_install command is deprecated setup.py develop --editable --build-directory /home/shyy/ros2_ws/src/build/onboarding_2/build --no-deps symlink_data
[1.783s] INFO:colcon.colcon_core.shell:Creating environment hook '/home/shyy/ros2_ws/src/build/onboarding_2/share/onboarding_2/hook/pythonpath_develop.sh'
[1.785s] Level 1:colcon.colcon_core.environment:checking '/home/shyy/ros2_ws/src/install/onboarding_2' for CMake module files
[1.786s] Level 1:colcon.colcon_core.environment:checking '/home/shyy/ros2_ws/src/install/onboarding_2' for CMake config files
[1.787s] Level 1:colcon.colcon_core.environment:checking '/home/shyy/ros2_ws/src/install/onboarding_2/lib'
[1.787s] Level 1:colcon.colcon_core.environment:checking '/home/shyy/ros2_ws/src/install/onboarding_2/bin'
[1.787s] Level 1:colcon.colcon_core.environment:checking '/home/shyy/ros2_ws/src/install/onboarding_2/lib/pkgconfig/onboarding_2.pc'
[1.787s] Level 1:colcon.colcon_core.environment:checking '/home/shyy/ros2_ws/src/install/onboarding_2/lib/python3.10/site-packages'
[1.787s] Level 1:colcon.colcon_core.shell:create_environment_hook('onboarding_2', 'pythonpath')
[1.788s] INFO:colcon.colcon_core.shell:Creating environment hook '/home/shyy/ros2_ws/src/install/onboarding_2/share/onboarding_2/hook/pythonpath.ps1'
[1.789s] INFO:colcon.colcon_core.shell:Creating environment descriptor '/home/shyy/ros2_ws/src/install/onboarding_2/share/onboarding_2/hook/pythonpath.dsv'
[1.789s] INFO:colcon.colcon_core.shell:Creating environment hook '/home/shyy/ros2_ws/src/install/onboarding_2/share/onboarding_2/hook/pythonpath.sh'
[1.790s] Level 1:colcon.colcon_core.environment:checking '/home/shyy/ros2_ws/src/install/onboarding_2/bin'
[1.791s] Level 1:colcon.colcon_core.environment:create_environment_scripts_only(onboarding_2)
[1.791s] INFO:colcon.colcon_core.shell:Creating package script '/home/shyy/ros2_ws/src/install/onboarding_2/share/onboarding_2/package.ps1'
[1.791s] INFO:colcon.colcon_core.shell:Creating package descriptor '/home/shyy/ros2_ws/src/install/onboarding_2/share/onboarding_2/package.dsv'
[1.792s] INFO:colcon.colcon_core.shell:Creating package script '/home/shyy/ros2_ws/src/install/onboarding_2/share/onboarding_2/package.sh'
[1.793s] INFO:colcon.colcon_core.shell:Creating package script '/home/shyy/ros2_ws/src/install/onboarding_2/share/onboarding_2/package.bash'
[1.793s] INFO:colcon.colcon_core.shell:Creating package script '/home/shyy/ros2_ws/src/install/onboarding_2/share/onboarding_2/package.zsh'
[1.793s] Level 1:colcon.colcon_core.environment:create_file_with_runtime_dependencies(/home/shyy/ros2_ws/src/install/onboarding_2/share/colcon-core/packages/onboarding_2)
[1.794s] DEBUG:colcon.colcon_parallel_executor.executor.parallel:closing loop
[1.794s] DEBUG:colcon.colcon_parallel_executor.executor.parallel:loop closed
[1.794s] DEBUG:colcon.colcon_parallel_executor.executor.parallel:run_until_complete finished with '0'
[1.794s] DEBUG:colcon.colcon_core.event_reactor:joining thread
[1.802s] INFO:colcon.colcon_core.plugin_system:Skipping extension 'colcon_notification.desktop_notification.terminal_notifier': Not used on non-Darwin systems
[1.802s] INFO:colcon.colcon_core.plugin_system:Skipping extension 'colcon_notification.desktop_notification.win32': Not used on non-Windows systems
[1.802s] INFO:colcon.colcon_notification.desktop_notification:Sending desktop notification using 'notify2'
[1.818s] DEBUG:colcon.colcon_core.event_reactor:joined thread
[1.818s] INFO:colcon.colcon_core.shell:Creating prefix script '/home/shyy/ros2_ws/src/install/local_setup.ps1'
[1.819s] INFO:colcon.colcon_core.shell:Creating prefix util module '/home/shyy/ros2_ws/src/install/_local_setup_util_ps1.py'
[1.821s] INFO:colcon.colcon_core.shell:Creating prefix chain script '/home/shyy/ros2_ws/src/install/setup.ps1'
[1.823s] INFO:colcon.colcon_core.shell:Creating prefix script '/home/shyy/ros2_ws/src/install/local_setup.sh'
[1.824s] INFO:colcon.colcon_core.shell:Creating prefix util module '/home/shyy/ros2_ws/src/install/_local_setup_util_sh.py'
[1.824s] INFO:colcon.colcon_core.shell:Creating prefix chain script '/home/shyy/ros2_ws/src/install/setup.sh'
[1.826s] INFO:colcon.colcon_core.shell:Creating prefix script '/home/shyy/ros2_ws/src/install/local_setup.bash'
[1.827s] INFO:colcon.colcon_core.shell:Creating prefix chain script '/home/shyy/ros2_ws/src/install/setup.bash'
[1.828s] INFO:colcon.colcon_core.shell:Creating prefix script '/home/shyy/ros2_ws/src/install/local_setup.zsh'
[1.829s] INFO:colcon.colcon_core.shell:Creating prefix chain script '/home/shyy/ros2_ws/src/install/setup.zsh'
