[1.081s] Invoking command in '/home/shyy/ros2_ws/src/build/my_robot_controller': PYTHONPATH=/home/shyy/ros2_ws/src/build/my_robot_controller/prefix_override:/usr/lib/python3/dist-packages/colcon_core/task/python/colcon_distutils_commands:/home/shyy/ros2_ws/src/install/my_robot_controller/lib/python3.10/site-packages:${PYTHONPATH} /usr/bin/python3 -W ignore:setup.py install is deprecated -W ignore:easy_install command is deprecated setup.py develop --editable --build-directory /home/shyy/ros2_ws/src/build/my_robot_controller/build --no-deps symlink_data
[1.327s] running develop
[1.503s] running egg_info
[1.503s] creating my_robot_controller.egg-info
[1.503s] writing my_robot_controller.egg-info/PKG-INFO
[1.504s] writing dependency_links to my_robot_controller.egg-info/dependency_links.txt
[1.504s] writing entry points to my_robot_controller.egg-info/entry_points.txt
[1.504s] writing requirements to my_robot_controller.egg-info/requires.txt
[1.504s] writing top-level names to my_robot_controller.egg-info/top_level.txt
[1.504s] writing manifest file 'my_robot_controller.egg-info/SOURCES.txt'
[1.512s] reading manifest file 'my_robot_controller.egg-info/SOURCES.txt'
[1.512s] writing manifest file 'my_robot_controller.egg-info/SOURCES.txt'
[1.512s] running build_ext
[1.512s] Creating /home/shyy/ros2_ws/src/install/my_robot_controller/lib/python3.10/site-packages/my-robot-controller.egg-link (link to .)
[1.512s] Installing draw_circle script to /home/shyy/ros2_ws/src/install/my_robot_controller/lib/my_robot_controller
[1.512s] Installing pose_subscriber script to /home/shyy/ros2_ws/src/install/my_robot_controller/lib/my_robot_controller
[1.512s] Installing test_node script to /home/shyy/ros2_ws/src/install/my_robot_controller/lib/my_robot_controller
[1.513s] 
[1.513s] Installed /home/shyy/ros2_ws/src/build/my_robot_controller
[1.513s] running symlink_data
[1.514s] creating /home/shyy/ros2_ws/src/install/my_robot_controller/share/ament_index
[1.514s] creating /home/shyy/ros2_ws/src/install/my_robot_controller/share/ament_index/resource_index
[1.514s] creating /home/shyy/ros2_ws/src/install/my_robot_controller/share/ament_index/resource_index/packages
[1.514s] symbolically linking /home/shyy/ros2_ws/src/build/my_robot_controller/resource/my_robot_controller -> /home/shyy/ros2_ws/src/install/my_robot_controller/share/ament_index/resource_index/packages
[1.514s] symbolically linking /home/shyy/ros2_ws/src/build/my_robot_controller/package.xml -> /home/shyy/ros2_ws/src/install/my_robot_controller/share/my_robot_controller
[1.594s] Invoked command in '/home/shyy/ros2_ws/src/build/my_robot_controller' returned '0': PYTHONPATH=/home/shyy/ros2_ws/src/build/my_robot_controller/prefix_override:/usr/lib/python3/dist-packages/colcon_core/task/python/colcon_distutils_commands:/home/shyy/ros2_ws/src/install/my_robot_controller/lib/python3.10/site-packages:${PYTHONPATH} /usr/bin/python3 -W ignore:setup.py install is deprecated -W ignore:easy_install command is deprecated setup.py develop --editable --build-directory /home/shyy/ros2_ws/src/build/my_robot_controller/build --no-deps symlink_data
