running develop
running egg_info
creating onboarding_1.egg-info
writing onboarding_1.egg-info/PKG-INFO
writing dependency_links to onboarding_1.egg-info/dependency_links.txt
writing entry points to onboarding_1.egg-info/entry_points.txt
writing requirements to onboarding_1.egg-info/requires.txt
writing top-level names to onboarding_1.egg-info/top_level.txt
writing manifest file 'onboarding_1.egg-info/SOURCES.txt'
reading manifest file 'onboarding_1.egg-info/SOURCES.txt'
writing manifest file 'onboarding_1.egg-info/SOURCES.txt'
running build_ext
Creating /home/shyy/ros2_ws/src/install/onboarding_1/lib/python3.10/site-packages/onboarding-1.egg-link (link to .)
Installing my_listener_node script to /home/shyy/ros2_ws/src/install/onboarding_1/lib/onboarding_1
Installing my_talker_node script to /home/shyy/ros2_ws/src/install/onboarding_1/lib/onboarding_1

Installed /home/shyy/ros2_ws/src/build/onboarding_1
running symlink_data
creating /home/shyy/ros2_ws/src/install/onboarding_1/share/ament_index
creating /home/shyy/ros2_ws/src/install/onboarding_1/share/ament_index/resource_index
creating /home/shyy/ros2_ws/src/install/onboarding_1/share/ament_index/resource_index/packages
symbolically linking /home/shyy/ros2_ws/src/build/onboarding_1/resource/onboarding_1 -> /home/shyy/ros2_ws/src/install/onboarding_1/share/ament_index/resource_index/packages
symbolically linking /home/shyy/ros2_ws/src/build/onboarding_1/package.xml -> /home/shyy/ros2_ws/src/install/onboarding_1/share/onboarding_1
